ProyectoAppMovilesBimestreII/app/build/intermediates/manifest_merge_blame_file/debug/manifest-merger-blame-debug-report.txt
1<?xml version="1.0" encoding="utf-8"?>
2<manifest xmlns:android="http://schemas.android.com/apk/res/android"
3    package="com.example.proyectoappmovilesbimestreii"
4    android:versionCode="1"
5    android:versionName="1.0" >
6
7    <uses-sdk
8        android:minSdkVersion="28"
8-->src\main\AndroidManifest.xml
9        android:targetSdkVersion="33" />
9-->src\main\AndroidManifest.xml
10
11    <uses-permission android:name="android.permission.ACCESS_COARSE_LOCATION" />
11-->src\main\AndroidManifest.xml:5:5-81
11-->src\main\AndroidManifest.xml:5:22-78
12    <uses-permission android:name="android.permission.ACCESS_FINE_LOCATION" />
12-->src\main\AndroidManifest.xml:6:5-79
12-->src\main\AndroidManifest.xml:6:22-76
13    <uses-permission android:name="android.permission.ACCESS_NETWORK_STATE" />
13-->[com.firebaseui:firebase-ui-auth:7.2.0] AndroidManifest.xml:12:5-79
13-->[com.firebaseui:firebase-ui-auth:7.2.0] AndroidManifest.xml:12:22-76
14    <uses-permission android:name="android.permission.INTERNET" />
14-->[com.firebaseui:firebase-ui-auth:7.2.0] AndroidManifest.xml:13:5-67
14-->[com.firebaseui:firebase-ui-auth:7.2.0] AndroidManifest.xml:13:22-64
15
16    <uses-feature
16-->[com.google.android.gms:play-services-maps:18.0.2] AndroidManifest.xml:26:5-28:35
17        android:glEsVersion="0x00020000"
17-->[com.google.android.gms:play-services-maps:18.0.2] AndroidManifest.xml:27:9-41
18        android:required="true" />
18-->[com.google.android.gms:play-services-maps:18.0.2] AndroidManifest.xml:28:9-32
19
20    <queries>
20-->[com.google.android.gms:play-services-maps:18.0.2] AndroidManifest.xml:30:5-34:15
21
22        <!-- Needs to be explicitly declared on Android R+ -->
23        <package android:name="com.google.android.apps.maps" />
23-->[com.google.android.gms:play-services-maps:18.0.2] AndroidManifest.xml:33:9-64
23-->[com.google.android.gms:play-services-maps:18.0.2] AndroidManifest.xml:33:18-61
24    </queries>
25
26    <uses-permission android:name="android.permission.WAKE_LOCK" />
26-->[com.google.android.gms:play-services-measurement-api:21.2.0] AndroidManifest.xml:24:5-68
26-->[com.google.android.gms:play-services-measurement-api:21.2.0] AndroidManifest.xml:24:22-65
27    <uses-permission android:name="com.google.android.gms.permission.AD_ID" />
27-->[com.google.android.gms:play-services-measurement-api:21.2.0] AndroidManifest.xml:25:5-79
27-->[com.google.android.gms:play-services-measurement-api:21.2.0] AndroidManifest.xml:25:22-76
28    <uses-permission android:name="com.google.android.finsky.permission.BIND_GET_INSTALL_REFERRER_SERVICE" />
28-->[com.google.android.gms:play-services-measurement:21.2.0] AndroidManifest.xml:26:5-110
28-->[com.google.android.gms:play-services-measurement:21.2.0] AndroidManifest.xml:26:22-107
29
30    <permission
30-->[androidx.core:core:1.9.0] AndroidManifest.xml:22:5-24:47
31        android:name="com.example.proyectoappmovilesbimestreii.DYNAMIC_RECEIVER_NOT_EXPORTED_PERMISSION"
31-->[androidx.core:core:1.9.0] AndroidManifest.xml:23:9-81
32        android:protectionLevel="signature" />
32-->[androidx.core:core:1.9.0] AndroidManifest.xml:24:9-44
33
34    <uses-permission android:name="com.example.proyectoappmovilesbimestreii.DYNAMIC_RECEIVER_NOT_EXPORTED_PERMISSION" />
34-->[androidx.core:core:1.9.0] AndroidManifest.xml:26:5-97
34-->[androidx.core:core:1.9.0] AndroidManifest.xml:26:22-94
35
36    <application
36-->src\main\AndroidManifest.xml:8:5-65:19
37        android:allowBackup="true"
37-->src\main\AndroidManifest.xml:9:9-35
38        android:appComponentFactory="androidx.core.app.CoreComponentFactory"
38-->[androidx.core:core:1.9.0] AndroidManifest.xml:28:18-86
39        android:dataExtractionRules="@xml/data_extraction_rules"
39-->src\main\AndroidManifest.xml:10:9-65
40        android:debuggable="true"
41        android:extractNativeLibs="false"
42        android:fullBackupContent="@xml/backup_rules"
42-->src\main\AndroidManifest.xml:11:9-54
43        android:icon="@mipmap/ic_launcher"
43-->src\main\AndroidManifest.xml:12:9-43
44        android:label="@string/app_name"
44-->src\main\AndroidManifest.xml:13:9-41
45        android:roundIcon="@mipmap/ic_launcher_round"
45-->src\main\AndroidManifest.xml:14:9-54
46        android:supportsRtl="true"
46-->src\main\AndroidManifest.xml:15:9-35
47        android:testOnly="true"
48        android:theme="@style/Theme.ProyectoAppMovilesBimestreII" >
48-->src\main\AndroidManifest.xml:16:9-66
49        <activity
49-->src\main\AndroidManifest.xml:18:9-20:40
50            android:name="com.example.proyectoappmovilesbimestreii.MapaDesastresActivity"
50-->src\main\AndroidManifest.xml:19:13-50
51            android:exported="false" />
51-->src\main\AndroidManifest.xml:20:13-37
52        <activity
52-->src\main\AndroidManifest.xml:21:9-23:40
53            android:name="com.example.proyectoappmovilesbimestreii.ReportesGeneradosActivity"
53-->src\main\AndroidManifest.xml:22:13-54
54            android:exported="false" />
54-->src\main\AndroidManifest.xml:23:13-37
55        <!--
56             TODO: Before you run your application, you need a Google Maps API key.
57
58             To get one, follow the directions here:
59
60                https://developers.google.com/maps/documentation/android-sdk/get-api-key
61
62             Once you have your API key (it starts with "AIza"), define a new property in your
63             project's local.properties file (e.g. MAPS_API_KEY=Aiza...), and replace the
64             "YOUR_API_KEY" string in this file with "${MAPS_API_KEY}".
65        -->
66        <meta-data
66-->src\main\AndroidManifest.xml:35:9-37:71
67            android:name="com.google.android.geo.API_KEY"
67-->src\main\AndroidManifest.xml:36:13-58
68            android:value="AIzaSyCZnHvMtkadW64vde1xUHNfG2xWw6awITs" />
68-->src\main\AndroidManifest.xml:37:13-68
69
70        <activity
70-->src\main\AndroidManifest.xml:39:9-42:59
71            android:name="com.example.proyectoappmovilesbimestreii.MapsActivity"
71-->src\main\AndroidManifest.xml:40:13-41
72            android:exported="false"
72-->src\main\AndroidManifest.xml:41:13-37
73            android:label="@string/title_activity_maps" />
73-->src\main\AndroidManifest.xml:42:13-56
74        <activity
74-->src\main\AndroidManifest.xml:43:9-45:39
75            android:name="com.example.proyectoappmovilesbimestreii.NuevoReporteActivity"
75-->src\main\AndroidManifest.xml:44:13-49
76            android:exported="true" />
76-->src\main\AndroidManifest.xml:45:13-36
77        <activity
77-->src\main\AndroidManifest.xml:46:9-48:40
78            android:name="com.example.proyectoappmovilesbimestreii.ReporteActivity"
78-->src\main\AndroidManifest.xml:47:13-44
79            android:exported="false" />
79-->src\main\AndroidManifest.xml:48:13-37
80        <activity
80-->src\main\AndroidManifest.xml:49:9-51:40
81            android:name="com.example.proyectoappmovilesbimestreii.HomeActivity"
81-->src\main\AndroidManifest.xml:50:13-41
82            android:exported="false" />
82-->src\main\AndroidManifest.xml:51:13-37
83        <activity
83-->src\main\AndroidManifest.xml:52:9-64:20
84            android:name="com.example.proyectoappmovilesbimestreii.AuthActivity"
84-->src\main\AndroidManifest.xml:53:13-41
85            android:exported="true" >
85-->src\main\AndroidManifest.xml:54:13-36
86            <intent-filter>
86-->src\main\AndroidManifest.xml:55:13-59:29
87                <action android:name="android.intent.action.MAIN" />
87-->src\main\AndroidManifest.xml:56:17-69
87-->src\main\AndroidManifest.xml:56:25-66
88
89                <category android:name="android.intent.category.LAUNCHER" />
89-->src\main\AndroidManifest.xml:58:17-77
89-->src\main\AndroidManifest.xml:58:27-74
90            </intent-filter>
91
92            <meta-data
92-->src\main\AndroidManifest.xml:61:13-63:36
93                android:name="android.app.lib_name"
93-->src\main\AndroidManifest.xml:62:17-52
94                android:value="" />
94-->src\main\AndroidManifest.xml:63:17-33
95        </activity>
96
97        <meta-data
97-->[com.firebaseui:firebase-ui-auth:7.2.0] AndroidManifest.xml:16:9-18:69
98            android:name="com.google.android.gms.version"
98-->[com.firebaseui:firebase-ui-auth:7.2.0] AndroidManifest.xml:17:13-58
99            android:value="@integer/google_play_services_version" />
99-->[com.firebaseui:firebase-ui-auth:7.2.0] AndroidManifest.xml:18:13-66
100        <meta-data
100-->[com.firebaseui:firebase-ui-auth:7.2.0] AndroidManifest.xml:19:9-21:63
101            android:name="com.facebook.sdk.ApplicationId"
101-->[com.firebaseui:firebase-ui-auth:7.2.0] AndroidManifest.xml:20:13-58
102            android:value="@string/facebook_application_id" />
102-->[com.firebaseui:firebase-ui-auth:7.2.0] AndroidManifest.xml:21:13-60
103
104        <activity
104-->[com.firebaseui:firebase-ui-auth:7.2.0] AndroidManifest.xml:23:9-27:61
105            android:name="com.firebase.ui.auth.KickoffActivity"
105-->[com.firebaseui:firebase-ui-auth:7.2.0] AndroidManifest.xml:24:13-64
106            android:exported="false"
106-->[com.firebaseui:firebase-ui-auth:7.2.0] AndroidManifest.xml:25:13-37
107            android:label=""
107-->[com.firebaseui:firebase-ui-auth:7.2.0] AndroidManifest.xml:26:13-29
108            android:theme="@style/FirebaseUI.Transparent" />
108-->[com.firebaseui:firebase-ui-auth:7.2.0] AndroidManifest.xml:27:13-58
109        <activity
109-->[com.firebaseui:firebase-ui-auth:7.2.0] AndroidManifest.xml:28:9-32:61
110            android:name="com.firebase.ui.auth.ui.idp.SingleSignInActivity"
110-->[com.firebaseui:firebase-ui-auth:7.2.0] AndroidManifest.xml:29:13-76
111            android:exported="false"
111-->[com.firebaseui:firebase-ui-auth:7.2.0] AndroidManifest.xml:30:13-37
112            android:label=""
112-->[com.firebaseui:firebase-ui-auth:7.2.0] AndroidManifest.xml:31:13-29
113            android:theme="@style/FirebaseUI.Transparent" />
113-->[com.firebaseui:firebase-ui-auth:7.2.0] AndroidManifest.xml:32:13-58
114        <activity
114-->[com.firebaseui:firebase-ui-auth:7.2.0] AndroidManifest.xml:33:9-37:61
115            android:name="com.firebase.ui.auth.ui.credentials.CredentialSaveActivity"
115-->[com.firebaseui:firebase-ui-auth:7.2.0] AndroidManifest.xml:34:13-86
116            android:exported="false"
116-->[com.firebaseui:firebase-ui-auth:7.2.0] AndroidManifest.xml:35:13-37
117            android:label=""
117-->[com.firebaseui:firebase-ui-auth:7.2.0] AndroidManifest.xml:36:13-29
118            android:theme="@style/FirebaseUI.Transparent" />
118-->[com.firebaseui:firebase-ui-auth:7.2.0] AndroidManifest.xml:37:13-58
119        <activity
119-->[com.firebaseui:firebase-ui-auth:7.2.0] AndroidManifest.xml:38:9-42:58
120            android:name="com.firebase.ui.auth.ui.email.RecoverPasswordActivity"
120-->[com.firebaseui:firebase-ui-auth:7.2.0] AndroidManifest.xml:39:13-81
121            android:exported="false"
121-->[com.firebaseui:firebase-ui-auth:7.2.0] AndroidManifest.xml:40:13-37
122            android:label="@string/fui_title_recover_password_activity"
122-->[com.firebaseui:firebase-ui-auth:7.2.0] AndroidManifest.xml:41:13-72
123            android:windowSoftInputMode="adjustResize" />
123-->[com.firebaseui:firebase-ui-auth:7.2.0] AndroidManifest.xml:42:13-55
124        <activity
124-->[com.firebaseui:firebase-ui-auth:7.2.0] AndroidManifest.xml:43:9-47:58
125            android:name="com.firebase.ui.auth.ui.email.EmailActivity"
125-->[com.firebaseui:firebase-ui-auth:7.2.0] AndroidManifest.xml:44:13-71
126            android:exported="false"
126-->[com.firebaseui:firebase-ui-auth:7.2.0] AndroidManifest.xml:45:13-37
127            android:label="@string/fui_sign_in_default"
127-->[com.firebaseui:firebase-ui-auth:7.2.0] AndroidManifest.xml:46:13-56
128            android:windowSoftInputMode="adjustResize" />
128-->[com.firebaseui:firebase-ui-auth:7.2.0] AndroidManifest.xml:47:13-55
129        <activity
129-->[com.firebaseui:firebase-ui-auth:7.2.0] AndroidManifest.xml:48:9-52:77
130            android:name="com.firebase.ui.auth.ui.phone.PhoneActivity"
130-->[com.firebaseui:firebase-ui-auth:7.2.0] AndroidManifest.xml:49:13-71
131            android:exported="false"
131-->[com.firebaseui:firebase-ui-auth:7.2.0] AndroidManifest.xml:50:13-37
132            android:label="@string/fui_sign_in_with_phone_number"
132-->[com.firebaseui:firebase-ui-auth:7.2.0] AndroidManifest.xml:51:13-66
133            android:windowSoftInputMode="adjustResize|stateAlwaysVisible" />
133-->[com.firebaseui:firebase-ui-auth:7.2.0] AndroidManifest.xml:52:13-74
134        <activity
134-->[com.firebaseui:firebase-ui-auth:7.2.0] AndroidManifest.xml:53:9-57:58
135            android:name="com.firebase.ui.auth.ui.idp.WelcomeBackIdpPrompt"
135-->[com.firebaseui:firebase-ui-auth:7.2.0] AndroidManifest.xml:54:13-76
136            android:exported="false"
136-->[com.firebaseui:firebase-ui-auth:7.2.0] AndroidManifest.xml:55:13-37
137            android:label="@string/fui_title_welcome_back_idp_prompt"
137-->[com.firebaseui:firebase-ui-auth:7.2.0] AndroidManifest.xml:56:13-70
138            android:windowSoftInputMode="adjustResize" />
138-->[com.firebaseui:firebase-ui-auth:7.2.0] AndroidManifest.xml:57:13-55
139        <activity
139-->[com.firebaseui:firebase-ui-auth:7.2.0] AndroidManifest.xml:58:9-62:58
140            android:name="com.firebase.ui.auth.ui.email.WelcomeBackPasswordPrompt"
140-->[com.firebaseui:firebase-ui-auth:7.2.0] AndroidManifest.xml:59:13-83
141            android:exported="false"
141-->[com.firebaseui:firebase-ui-auth:7.2.0] AndroidManifest.xml:60:13-37
142            android:label="@string/fui_title_welcome_back_password_prompt"
142-->[com.firebaseui:firebase-ui-auth:7.2.0] AndroidManifest.xml:61:13-75
143            android:windowSoftInputMode="adjustResize" />
143-->[com.firebaseui:firebase-ui-auth:7.2.0] AndroidManifest.xml:62:13-55
144        <activity
144-->[com.firebaseui:firebase-ui-auth:7.2.0] AndroidManifest.xml:63:9-67:58
145            android:name="com.firebase.ui.auth.ui.email.WelcomeBackEmailLinkPrompt"
145-->[com.firebaseui:firebase-ui-auth:7.2.0] AndroidManifest.xml:64:13-84
146            android:exported="false"
146-->[com.firebaseui:firebase-ui-auth:7.2.0] AndroidManifest.xml:65:13-37
147            android:label="@string/fui_title_welcome_back_password_prompt"
147-->[com.firebaseui:firebase-ui-auth:7.2.0] AndroidManifest.xml:66:13-75
148            android:windowSoftInputMode="adjustResize" />
148-->[com.firebaseui:firebase-ui-auth:7.2.0] AndroidManifest.xml:67:13-55
149        <activity
149-->[com.firebaseui:firebase-ui-auth:7.2.0] AndroidManifest.xml:68:9-73:58
150            android:name="com.firebase.ui.auth.ui.email.EmailLinkCatcherActivity"
150-->[com.firebaseui:firebase-ui-auth:7.2.0] AndroidManifest.xml:69:13-82
151            android:exported="false"
151-->[com.firebaseui:firebase-ui-auth:7.2.0] AndroidManifest.xml:70:13-37
152            android:label=""
152-->[com.firebaseui:firebase-ui-auth:7.2.0] AndroidManifest.xml:71:13-29
153            android:theme="@style/FirebaseUI.Transparent"
153-->[com.firebaseui:firebase-ui-auth:7.2.0] AndroidManifest.xml:72:13-58
154            android:windowSoftInputMode="adjustResize" />
154-->[com.firebaseui:firebase-ui-auth:7.2.0] AndroidManifest.xml:73:13-55
155        <activity
155-->[com.firebaseui:firebase-ui-auth:7.2.0] AndroidManifest.xml:74:9-78:58
156            android:name="com.firebase.ui.auth.ui.email.EmailLinkErrorRecoveryActivity"
156-->[com.firebaseui:firebase-ui-auth:7.2.0] AndroidManifest.xml:75:13-88
157            android:exported="false"
157-->[com.firebaseui:firebase-ui-auth:7.2.0] AndroidManifest.xml:76:13-37
158            android:label="@string/fui_sign_in_default"
158-->[com.firebaseui:firebase-ui-auth:7.2.0] AndroidManifest.xml:77:13-56
159            android:windowSoftInputMode="adjustResize" />
159-->[com.firebaseui:firebase-ui-auth:7.2.0] AndroidManifest.xml:78:13-55
160        <activity
160-->[com.firebaseui:firebase-ui-auth:7.2.0] AndroidManifest.xml:79:9-82:65
161            android:name="com.firebase.ui.auth.ui.idp.AuthMethodPickerActivity"
161-->[com.firebaseui:firebase-ui-auth:7.2.0] AndroidManifest.xml:80:13-80
162            android:exported="false"
162-->[com.firebaseui:firebase-ui-auth:7.2.0] AndroidManifest.xml:81:13-37
163            android:label="@string/fui_default_toolbar_title" />
163-->[com.firebaseui:firebase-ui-auth:7.2.0] AndroidManifest.xml:82:13-62
164        <activity
164-->[com.firebaseui:firebase-ui-auth:7.2.0] AndroidManifest.xml:83:9-87:48
165            android:name="com.facebook.FacebookActivity"
165-->[com.firebaseui:firebase-ui-auth:7.2.0] AndroidManifest.xml:84:13-57
166            android:configChanges="keyboard|keyboardHidden|screenLayout|screenSize|orientation"
166-->[com.firebaseui:firebase-ui-auth:7.2.0] AndroidManifest.xml:85:13-96
167            android:label="@string/app_name" />
167-->[com.firebaseui:firebase-ui-auth:7.2.0] AndroidManifest.xml:86:13-45
168        <activity
168-->[com.firebaseui:firebase-ui-auth:7.2.0] AndroidManifest.xml:88:9-100:20
169            android:name="com.facebook.CustomTabActivity"
169-->[com.firebaseui:firebase-ui-auth:7.2.0] AndroidManifest.xml:89:13-58
170            android:exported="true" >
170-->[com.firebaseui:firebase-ui-auth:7.2.0] AndroidManifest.xml:90:13-36
171            <intent-filter>
171-->[com.firebaseui:firebase-ui-auth:7.2.0] AndroidManifest.xml:92:13-99:29
172                <action android:name="android.intent.action.VIEW" />
172-->[com.firebaseui:firebase-ui-auth:7.2.0] AndroidManifest.xml:93:17-69
172-->[com.firebaseui:firebase-ui-auth:7.2.0] AndroidManifest.xml:93:25-66
173
174                <category android:name="android.intent.category.DEFAULT" />
174-->[com.firebaseui:firebase-ui-auth:7.2.0] AndroidManifest.xml:95:17-76
174-->[com.firebaseui:firebase-ui-auth:7.2.0] AndroidManifest.xml:95:27-73
175                <category android:name="android.intent.category.BROWSABLE" />
175-->[com.firebaseui:firebase-ui-auth:7.2.0] AndroidManifest.xml:96:17-78
175-->[com.firebaseui:firebase-ui-auth:7.2.0] AndroidManifest.xml:96:27-75
176
177                <data android:scheme="@string/facebook_login_protocol_scheme" />
177-->[com.firebaseui:firebase-ui-auth:7.2.0] AndroidManifest.xml:98:17-81
177-->[com.firebaseui:firebase-ui-auth:7.2.0] AndroidManifest.xml:98:23-78
178            </intent-filter>
179        </activity>
180
181        <provider
181-->[com.firebaseui:firebase-ui-auth:7.2.0] AndroidManifest.xml:102:9-106:38
182            android:name="com.firebase.ui.auth.data.client.AuthUiInitProvider"
182-->[com.firebaseui:firebase-ui-auth:7.2.0] AndroidManifest.xml:103:13-79
183            android:authorities="com.example.proyectoappmovilesbimestreii.authuiinitprovider"
183-->[com.firebaseui:firebase-ui-auth:7.2.0] AndroidManifest.xml:104:13-70
184            android:exported="false"
184-->[com.firebaseui:firebase-ui-auth:7.2.0] AndroidManifest.xml:105:13-37
185            android:initOrder="90" />
185-->[com.firebaseui:firebase-ui-auth:7.2.0] AndroidManifest.xml:106:13-35
186
187        <service
187-->[com.google.firebase:firebase-firestore-ktx:24.4.4] AndroidManifest.xml:11:9-17:19
188            android:name="com.google.firebase.components.ComponentDiscoveryService"
188-->[com.google.firebase:firebase-firestore-ktx:24.4.4] AndroidManifest.xml:12:13-84
189            android:directBootAware="true"
189-->[com.google.firebase:firebase-common:20.3.1] AndroidManifest.xml:34:13-43
190            android:exported="false" >
190-->[com.google.firebase:firebase-firestore-ktx:24.4.4] AndroidManifest.xml:13:13-37
191            <meta-data
191-->[com.google.firebase:firebase-firestore-ktx:24.4.4] AndroidManifest.xml:14:13-16:85
192                android:name="com.google.firebase.components:com.google.firebase.firestore.ktx.FirebaseFirestoreKtxRegistrar"
192-->[com.google.firebase:firebase-firestore-ktx:24.4.4] AndroidManifest.xml:15:17-126
193                android:value="com.google.firebase.components.ComponentRegistrar" />
193-->[com.google.firebase:firebase-firestore-ktx:24.4.4] AndroidManifest.xml:16:17-82
194            <meta-data
194-->[com.google.firebase:firebase-common-ktx:20.3.1] AndroidManifest.xml:14:13-16:85
195                android:name="com.google.firebase.components:com.google.firebase.ktx.FirebaseCommonKtxRegistrar"
195-->[com.google.firebase:firebase-common-ktx:20.3.1] AndroidManifest.xml:15:17-113
196                android:value="com.google.firebase.components.ComponentRegistrar" />
196-->[com.google.firebase:firebase-common-ktx:20.3.1] AndroidManifest.xml:16:17-82
197            <meta-data
197-->[com.google.firebase:firebase-auth:21.1.0] AndroidManifest.xml:67:13-69:85
198                android:name="com.google.firebase.components:com.google.firebase.auth.FirebaseAuthRegistrar"
198-->[com.google.firebase:firebase-auth:21.1.0] AndroidManifest.xml:68:17-109
199                android:value="com.google.firebase.components.ComponentRegistrar" />
199-->[com.google.firebase:firebase-auth:21.1.0] AndroidManifest.xml:69:17-82
200            <meta-data
200-->[com.google.firebase:firebase-firestore:24.4.4] AndroidManifest.xml:19:13-21:85
201                android:name="com.google.firebase.components:com.google.firebase.firestore.FirestoreRegistrar"
201-->[com.google.firebase:firebase-firestore:24.4.4] AndroidManifest.xml:20:17-111
202                android:value="com.google.firebase.components.ComponentRegistrar" />
202-->[com.google.firebase:firebase-firestore:24.4.4] AndroidManifest.xml:21:17-82
203            <meta-data
203-->[com.google.firebase:firebase-analytics-ktx:21.2.0] AndroidManifest.xml:11:13-13:85
204                android:name="com.google.firebase.components:com.google.firebase.analytics.ktx.FirebaseAnalyticsKtxRegistrar"
204-->[com.google.firebase:firebase-analytics-ktx:21.2.0] AndroidManifest.xml:12:17-126
205                android:value="com.google.firebase.components.ComponentRegistrar" />
205-->[com.google.firebase:firebase-analytics-ktx:21.2.0] AndroidManifest.xml:13:17-82
206            <meta-data
206-->[com.google.android.gms:play-services-measurement-api:21.2.0] AndroidManifest.xml:31:13-33:85
207                android:name="com.google.firebase.components:com.google.firebase.analytics.connector.internal.AnalyticsConnectorRegistrar"
207-->[com.google.android.gms:play-services-measurement-api:21.2.0] AndroidManifest.xml:32:17-139
208                android:value="com.google.firebase.components.ComponentRegistrar" />
208-->[com.google.android.gms:play-services-measurement-api:21.2.0] AndroidManifest.xml:33:17-82
209            <meta-data
209-->[com.google.firebase:firebase-installations:17.1.3] AndroidManifest.xml:17:13-19:85
210                android:name="com.google.firebase.components:com.google.firebase.installations.FirebaseInstallationsRegistrar"
210-->[com.google.firebase:firebase-installations:17.1.3] AndroidManifest.xml:18:17-127
211                android:value="com.google.firebase.components.ComponentRegistrar" />
211-->[com.google.firebase:firebase-installations:17.1.3] AndroidManifest.xml:19:17-82
212        </service>
213
214        <activity
214-->[com.google.firebase:firebase-auth:21.1.0] AndroidManifest.xml:27:9-44:20
215            android:name="com.google.firebase.auth.internal.GenericIdpActivity"
215-->[com.google.firebase:firebase-auth:21.1.0] AndroidManifest.xml:28:13-80
216            android:excludeFromRecents="true"
216-->[com.google.firebase:firebase-auth:21.1.0] AndroidManifest.xml:29:13-46
217            android:exported="true"
217-->[com.google.firebase:firebase-auth:21.1.0] AndroidManifest.xml:30:13-36
218            android:launchMode="singleTask"
218-->[com.google.firebase:firebase-auth:21.1.0] AndroidManifest.xml:31:13-44
219            android:theme="@android:style/Theme.Translucent.NoTitleBar" >
219-->[com.google.firebase:firebase-auth:21.1.0] AndroidManifest.xml:32:13-72
220            <intent-filter>
220-->[com.google.firebase:firebase-auth:21.1.0] AndroidManifest.xml:33:13-43:29
221                <action android:name="android.intent.action.VIEW" />
221-->[com.firebaseui:firebase-ui-auth:7.2.0] AndroidManifest.xml:93:17-69
221-->[com.firebaseui:firebase-ui-auth:7.2.0] AndroidManifest.xml:93:25-66
222
223                <category android:name="android.intent.category.DEFAULT" />
223-->[com.firebaseui:firebase-ui-auth:7.2.0] AndroidManifest.xml:95:17-76
223-->[com.firebaseui:firebase-ui-auth:7.2.0] AndroidManifest.xml:95:27-73
224                <category android:name="android.intent.category.BROWSABLE" />
224-->[com.firebaseui:firebase-ui-auth:7.2.0] AndroidManifest.xml:96:17-78
224-->[com.firebaseui:firebase-ui-auth:7.2.0] AndroidManifest.xml:96:27-75
225
226                <data
226-->[com.firebaseui:firebase-ui-auth:7.2.0] AndroidManifest.xml:98:17-81
227                    android:host="firebase.auth"
228                    android:path="/"
229                    android:scheme="genericidp" />
229-->[com.firebaseui:firebase-ui-auth:7.2.0] AndroidManifest.xml:98:23-78
230            </intent-filter>
231        </activity>
232        <activity
232-->[com.google.firebase:firebase-auth:21.1.0] AndroidManifest.xml:45:9-62:20
233            android:name="com.google.firebase.auth.internal.RecaptchaActivity"
233-->[com.google.firebase:firebase-auth:21.1.0] AndroidManifest.xml:46:13-79
234            android:excludeFromRecents="true"
234-->[com.google.firebase:firebase-auth:21.1.0] AndroidManifest.xml:47:13-46
235            android:exported="true"
235-->[com.google.firebase:firebase-auth:21.1.0] AndroidManifest.xml:48:13-36
236            android:launchMode="singleTask"
236-->[com.google.firebase:firebase-auth:21.1.0] AndroidManifest.xml:49:13-44
237            android:theme="@android:style/Theme.Translucent.NoTitleBar" >
237-->[com.google.firebase:firebase-auth:21.1.0] AndroidManifest.xml:50:13-72
238            <intent-filter>
238-->[com.google.firebase:firebase-auth:21.1.0] AndroidManifest.xml:51:13-61:29
239                <action android:name="android.intent.action.VIEW" />
239-->[com.firebaseui:firebase-ui-auth:7.2.0] AndroidManifest.xml:93:17-69
239-->[com.firebaseui:firebase-ui-auth:7.2.0] AndroidManifest.xml:93:25-66
240
241                <category android:name="android.intent.category.DEFAULT" />
241-->[com.firebaseui:firebase-ui-auth:7.2.0] AndroidManifest.xml:95:17-76
241-->[com.firebaseui:firebase-ui-auth:7.2.0] AndroidManifest.xml:95:27-73
242                <category android:name="android.intent.category.BROWSABLE" />
242-->[com.firebaseui:firebase-ui-auth:7.2.0] AndroidManifest.xml:96:17-78
242-->[com.firebaseui:firebase-ui-auth:7.2.0] AndroidManifest.xml:96:27-75
243
244                <data
244-->[com.firebaseui:firebase-ui-auth:7.2.0] AndroidManifest.xml:98:17-81
245                    android:host="firebase.auth"
246                    android:path="/"
247                    android:scheme="recaptcha" />
247-->[com.firebaseui:firebase-ui-auth:7.2.0] AndroidManifest.xml:98:23-78
248            </intent-filter>
249        </activity> <!-- Needs to be explicitly declared on P+ -->
250        <uses-library
250-->[com.google.android.gms:play-services-maps:18.0.2] AndroidManifest.xml:39:9-41:40
251            android:name="org.apache.http.legacy"
251-->[com.google.android.gms:play-services-maps:18.0.2] AndroidManifest.xml:40:13-50
252            android:required="false" />
252-->[com.google.android.gms:play-services-maps:18.0.2] AndroidManifest.xml:41:13-37
253
254        <activity
254-->[com.google.android.gms:play-services-auth:19.0.0] AndroidManifest.xml:23:9-27:75
255            android:name="com.google.android.gms.auth.api.signin.internal.SignInHubActivity"
255-->[com.google.android.gms:play-services-auth:19.0.0] AndroidManifest.xml:24:13-93
256            android:excludeFromRecents="true"
256-->[com.google.android.gms:play-services-auth:19.0.0] AndroidManifest.xml:25:13-46
257            android:exported="false"
257-->[com.google.android.gms:play-services-auth:19.0.0] AndroidManifest.xml:26:13-37
258            android:theme="@android:style/Theme.Translucent.NoTitleBar" />
258-->[com.google.android.gms:play-services-auth:19.0.0] AndroidManifest.xml:27:13-72
259        <!--
260            Service handling Google Sign-In user revocation. For apps that do not integrate with
261            Google Sign-In, this service will never be started.
262        -->
263        <service
263-->[com.google.android.gms:play-services-auth:19.0.0] AndroidManifest.xml:33:9-37:51
264            android:name="com.google.android.gms.auth.api.signin.RevocationBoundService"
264-->[com.google.android.gms:play-services-auth:19.0.0] AndroidManifest.xml:34:13-89
265            android:exported="true"
265-->[com.google.android.gms:play-services-auth:19.0.0] AndroidManifest.xml:35:13-36
266            android:permission="com.google.android.gms.auth.api.signin.permission.REVOCATION_NOTIFICATION"
266-->[com.google.android.gms:play-services-auth:19.0.0] AndroidManifest.xml:36:13-107
267            android:visibleToInstantApps="true" />
267-->[com.google.android.gms:play-services-auth:19.0.0] AndroidManifest.xml:37:13-48
268
269        <provider
269-->[com.google.firebase:firebase-common:20.3.1] AndroidManifest.xml:25:9-30:39
270            android:name="com.google.firebase.provider.FirebaseInitProvider"
270-->[com.google.firebase:firebase-common:20.3.1] AndroidManifest.xml:26:13-77
271            android:authorities="com.example.proyectoappmovilesbimestreii.firebaseinitprovider"
271-->[com.google.firebase:firebase-common:20.3.1] AndroidManifest.xml:27:13-72
272            android:directBootAware="true"
272-->[com.google.firebase:firebase-common:20.3.1] AndroidManifest.xml:28:13-43
273            android:exported="false"
273-->[com.google.firebase:firebase-common:20.3.1] AndroidManifest.xml:29:13-37
274            android:initOrder="100" />